Построение начато 17.09.2012 19:09:42.
     1>Проект "D:\Users\Boss\Documents\Visual Studio 2010\Projects\Задача_9\Задача_9\Задача_9.vcxproj" в узле 2 (целевые объекты build).
     1>InitializeBuildStatus:
         Создание "Debug\Задача_9.unsuccessfulbuild", так как было задано "AlwaysCreate".
       ClCompile:
         d:\Универ\Прога\VC\bin\CL.exe /c /ZI /nologo /W3 /WX- /Od /Oy- /D _UNICODE /D UNICODE /Gm /EHsc /RTC1 /MDd /GS /fp:precise /Zc:wchar_t /Zc:forScope /Fo"Debug\\" /Fd"Debug\vc100.pdb" /Gd /TP /analyze- /errorReport:prompt "Задача_7.cpp"
         Задача_7.cpp
     1>d:\users\boss\documents\visual studio 2010\projects\задача_9\задача_9\задача_7.cpp(6): warning C4996: 'scanf': This function or variable may be unsafe. Consider using scanf_s instead. To disable deprecation, use _CRT_SECURE_NO_WARNINGS. See online help for details.
                 d:\универ\прога\vc\include\stdio.h(304): см. объявление "scanf"
     1>d:\users\boss\documents\visual studio 2010\projects\задача_9\задача_9\задача_7.cpp(25): warning C4996: 'getch': The POSIX name for this item is deprecated. Instead, use the ISO C++ conformant name: _getch. See online help for details.
                 d:\универ\прога\vc\include\conio.h(128): см. объявление "getch"
       Link:
         d:\Универ\Прога\VC\bin\link.exe /ERRORREPORT:PROMPT /OUT:"D:\Users\Boss\Documents\Visual Studio 2010\Projects\Задача_9\Debug\Задача_9.exe" /NOLOGO kernel32.lib user32.lib gdi32.lib winspool.lib comdlg32.lib advapi32.lib shell32.lib ole32.lib oleaut32.lib uuid.lib odbc32.lib odbccp32.lib /MANIFEST /ManifestFile:"Debug\Задача_9.exe.intermediate.manifest" /MANIFESTUAC:"level='asInvoker' uiAccess='false'" /DEBUG /PDB:"D:\Users\Boss\Documents\Visual Studio 2010\Projects\Задача_9\Debug\Задача_9.pdb" /TLBID:1 /DYNAMICBASE /NXCOMPAT /IMPLIB:"D:\Users\Boss\Documents\Visual Studio 2010\Projects\Задача_9\Debug\Задача_9.lib" /MACHINE:X86 "Debug\Задача_7.obj"
         LINK : не найден или не выполнена сборка D:\Users\Boss\Documents\Visual Studio 2010\Projects\Задача_9\Debug\Задача_9.exe при последней инкрементной компоновке; выполняется полная компоновка
         Задача_9.vcxproj -> D:\Users\Boss\Documents\Visual Studio 2010\Projects\Задача_9\Debug\Задача_9.exe
       Manifest:
         C:\Program Files\Microsoft SDKs\Windows\v7.0A\bin\mt.exe /nologo /verbose /outputresource:"D:\Users\Boss\Documents\Visual Studio 2010\Projects\Задача_9\Debug\Задача_9.exe;#1" /manifest "Debug\Задача_9.exe.intermediate.manifest"
       FinalizeBuildStatus:
         Файл "Debug\Задача_9.unsuccessfulbuild" удаляется.
         Обращение к "Debug\Задача_9.lastbuildstate".
     1>Построение проекта "D:\Users\Boss\Documents\Visual Studio 2010\Projects\Задача_9\Задача_9\Задача_9.vcxproj" завершено (целевые объекты build).

Построение успешно завершено.

Затраченное время: 00:00:00.43
